Compiling the C compiler identification source file "CMakeCCompilerId.c" failed.
Compiler: /usr/bin/eosio-cc 
Build flags: ;-O3;
Id flags:  

The output was:
255
/usr/opt/eosio.cdt/1.6.1/bin/wasm-ld: error: cannot open /tmp/CMakeCCompilerId.c.o: No such file or directory


Compiling the CXX compiler identification source file "CMakeCXXCompilerId.cpp" failed.
Compiler: /usr/bin/eosio-cpp 
Build flags: ;-O3;
Id flags:  

The output was:
255
/usr/opt/eosio.cdt/1.6.1/bin/wasm-ld: error: duplicate symbol: main(int, char**)
>>> defined in /tmp/CMakeCXXCompilerId.cpp.o
>>> defined in /tmp/CMakeCXXCompilerId.cpp.o

/usr/opt/eosio.cdt/1.6.1/bin/wasm-ld: error: duplicate symbol: info_platform
>>> defined in /tmp/CMakeCXXCompilerId.cpp.o
>>> defined in /tmp/CMakeCXXCompilerId.cpp.o

/usr/opt/eosio.cdt/1.6.1/bin/wasm-ld: error: duplicate symbol: info_compiler
>>> defined in /tmp/CMakeCXXCompilerId.cpp.o
>>> defined in /tmp/CMakeCXXCompilerId.cpp.o

/usr/opt/eosio.cdt/1.6.1/bin/wasm-ld: error: duplicate symbol: info_language_dialect_default
>>> defined in /tmp/CMakeCXXCompilerId.cpp.o
>>> defined in /tmp/CMakeCXXCompilerId.cpp.o

/usr/opt/eosio.cdt/1.6.1/bin/wasm-ld: error: duplicate symbol: info_arch
>>> defined in /tmp/CMakeCXXCompilerId.cpp.o
>>> defined in /tmp/CMakeCXXCompilerId.cpp.o


Detecting C compiler ABI info failed to compile with the following output:
Change Dir: /opt/src/triliumquest/build/triliumquest/CMakeFiles/CMakeTmp

Run Build Command:"/usr/bin/make" "cmTC_53fea/fast"
make[3]: Entering directory '/opt/src/triliumquest/build/triliumquest/CMakeFiles/CMakeTmp'
/usr/bin/make -f CMakeFiles/cmTC_53fea.dir/build.make CMakeFiles/cmTC_53fea.dir/build
make[4]: Entering directory '/opt/src/triliumquest/build/triliumquest/CMakeFiles/CMakeTmp'
Building C object CMakeFiles/cmTC_53fea.dir/CMakeCCompilerABI.c.obj
/usr/bin/eosio-cc    -o CMakeFiles/cmTC_53fea.dir/CMakeCCompilerABI.c.obj   -c /usr/share/cmake-3.10/Modules/CMakeCCompilerABI.c
Linking C executable cmTC_53fea.wasm
/usr/bin/cmake -E cmake_link_script CMakeFiles/cmTC_53fea.dir/link.txt --verbose=1
/usr/bin/eosio-ld  -v CMakeFiles/cmTC_53fea.dir/CMakeCCompilerABI.c.obj -o cmTC_53fea.wasm 
eosio-ld: Unknown command line argument '-v'.  Try: '/usr/bin/eosio-ld -help'
eosio-ld: Did you mean '-L'?
CMakeFiles/cmTC_53fea.dir/build.make:97: recipe for target 'cmTC_53fea.wasm' failed
make[4]: *** [cmTC_53fea.wasm] Error 1
make[4]: Leaving directory '/opt/src/triliumquest/build/triliumquest/CMakeFiles/CMakeTmp'
Makefile:126: recipe for target 'cmTC_53fea/fast' failed
make[3]: *** [cmTC_53fea/fast] Error 2
make[3]: Leaving directory '/opt/src/triliumquest/build/triliumquest/CMakeFiles/CMakeTmp'



Detecting C [-std=c11] compiler features failed to compile with the following output:
Change Dir: /opt/src/triliumquest/build/triliumquest/CMakeFiles/CMakeTmp

Run Build Command:"/usr/bin/make" "cmTC_6f992/fast"
make[3]: Entering directory '/opt/src/triliumquest/build/triliumquest/CMakeFiles/CMakeTmp'
/usr/bin/make -f CMakeFiles/cmTC_6f992.dir/build.make CMakeFiles/cmTC_6f992.dir/build
make[4]: Entering directory '/opt/src/triliumquest/build/triliumquest/CMakeFiles/CMakeTmp'
Building C object CMakeFiles/cmTC_6f992.dir/feature_tests.c.obj
/usr/bin/eosio-cc   -std=c11 -o CMakeFiles/cmTC_6f992.dir/feature_tests.c.obj   -c /opt/src/triliumquest/build/triliumquest/CMakeFiles/feature_tests.c
eosio-cc: Unknown command line argument '-std=c11'.  Try: '/usr/bin/eosio-cc -help'
eosio-cc: Did you mean '-w=c11'?
CMakeFiles/cmTC_6f992.dir/build.make:65: recipe for target 'CMakeFiles/cmTC_6f992.dir/feature_tests.c.obj' failed
make[4]: *** [CMakeFiles/cmTC_6f992.dir/feature_tests.c.obj] Error 1
make[4]: Leaving directory '/opt/src/triliumquest/build/triliumquest/CMakeFiles/CMakeTmp'
Makefile:126: recipe for target 'cmTC_6f992/fast' failed
make[3]: *** [cmTC_6f992/fast] Error 2
make[3]: Leaving directory '/opt/src/triliumquest/build/triliumquest/CMakeFiles/CMakeTmp'



Detecting CXX compiler ABI info failed to compile with the following output:
Change Dir: /opt/src/triliumquest/build/triliumquest/CMakeFiles/CMakeTmp

Run Build Command:"/usr/bin/make" "cmTC_cac36/fast"
make[3]: Entering directory '/opt/src/triliumquest/build/triliumquest/CMakeFiles/CMakeTmp'
/usr/bin/make -f CMakeFiles/cmTC_cac36.dir/build.make CMakeFiles/cmTC_cac36.dir/build
make[4]: Entering directory '/opt/src/triliumquest/build/triliumquest/CMakeFiles/CMakeTmp'
Building CXX object CMakeFiles/cmTC_cac36.dir/CMakeCXXCompilerABI.cpp.obj
/usr/bin/eosio-cpp     -o CMakeFiles/cmTC_cac36.dir/CMakeCXXCompilerABI.cpp.obj -c /usr/share/cmake-3.10/Modules/CMakeCXXCompilerABI.cpp
Linking CXX executable cmTC_cac36.wasm
/usr/bin/cmake -E cmake_link_script CMakeFiles/cmTC_cac36.dir/link.txt --verbose=1
/usr/bin/eosio-ld  -v CMakeFiles/cmTC_cac36.dir/CMakeCXXCompilerABI.cpp.obj -o cmTC_cac36.wasm 
eosio-ld: Unknown command line argument '-v'.  Try: '/usr/bin/eosio-ld -help'
eosio-ld: Did you mean '-L'?
CMakeFiles/cmTC_cac36.dir/build.make:97: recipe for target 'cmTC_cac36.wasm' failed
make[4]: *** [cmTC_cac36.wasm] Error 1
make[4]: Leaving directory '/opt/src/triliumquest/build/triliumquest/CMakeFiles/CMakeTmp'
Makefile:126: recipe for target 'cmTC_cac36/fast' failed
make[3]: *** [cmTC_cac36/fast] Error 2
make[3]: Leaving directory '/opt/src/triliumquest/build/triliumquest/CMakeFiles/CMakeTmp'



Detecting CXX [-std=c++1z] compiler features failed to compile with the following output:
Change Dir: /opt/src/triliumquest/build/triliumquest/CMakeFiles/CMakeTmp

Run Build Command:"/usr/bin/make" "cmTC_035b3/fast"
make[3]: Entering directory '/opt/src/triliumquest/build/triliumquest/CMakeFiles/CMakeTmp'
/usr/bin/make -f CMakeFiles/cmTC_035b3.dir/build.make CMakeFiles/cmTC_035b3.dir/build
make[4]: Entering directory '/opt/src/triliumquest/build/triliumquest/CMakeFiles/CMakeTmp'
Building CXX object CMakeFiles/cmTC_035b3.dir/feature_tests.cxx.obj
/usr/bin/eosio-cpp    -std=c++1z -o CMakeFiles/cmTC_035b3.dir/feature_tests.cxx.obj -c /opt/src/triliumquest/build/triliumquest/CMakeFiles/feature_tests.cxx
Linking CXX executable cmTC_035b3.wasm
/usr/bin/cmake -E cmake_link_script CMakeFiles/cmTC_035b3.dir/link.txt --verbose=1
/usr/bin/eosio-ld   CMakeFiles/cmTC_035b3.dir/feature_tests.cxx.obj -o cmTC_035b3.wasm 
/usr/opt/eosio.cdt/1.6.1/bin/wasm-ld: error: fatal failure: contract with no actions and trying to create dispatcher
CMakeFiles/cmTC_035b3.dir/build.make:97: recipe for target 'cmTC_035b3.wasm' failed
make[4]: *** [cmTC_035b3.wasm] Error 255
make[4]: Leaving directory '/opt/src/triliumquest/build/triliumquest/CMakeFiles/CMakeTmp'
Makefile:126: recipe for target 'cmTC_035b3/fast' failed
make[3]: *** [cmTC_035b3/fast] Error 2
make[3]: Leaving directory '/opt/src/triliumquest/build/triliumquest/CMakeFiles/CMakeTmp'



